<?xml version="1.0" encoding="UTF-8"?>
<testsuite xmlns:xsi="http://www.w3.org/2001/XMLSchema-instance" xsi:noNamespaceSchemaLocation="https://maven.apache.org/surefire/maven-surefire-plugin/xsd/surefire-test-report.xsd" name="com.schindler.ioee.AppTest" time="4.164" tests="4" errors="0" skipped="0" failures="0">
  <properties>
    <property name="gopherProxySet" value="false"/>
    <property name="awt.toolkit" value="sun.lwawt.macosx.LWCToolkit"/>
    <property name="file.encoding.pkg" value="sun.io"/>
    <property name="java.specification.version" value="1.8"/>
    <property name="sun.cpu.isalist" value=""/>
    <property name="sun.jnu.encoding" value="UTF-8"/>
    <property name="java.class.path" value="/Users/jonathandiamond/Dropbox/Workspace/schindler/semp-library/target/test-classes:/Users/jonathandiamond/Dropbox/Workspace/schindler/semp-library/target/classes:/Users/jonathandiamond/.m2/repository/org/springframework/boot/spring-boot-starter-web/1.4.3.RELEASE/spring-boot-starter-web-1.4.3.RELEASE.jar:/Users/jonathandiamond/.m2/repository/org/springframework/boot/spring-boot-starter/1.4.3.RELEASE/spring-boot-starter-1.4.3.RELEASE.jar:/Users/jonathandiamond/.m2/repository/org/springframework/boot/spring-boot/1.4.3.RELEASE/spring-boot-1.4.3.RELEASE.jar:/Users/jonathandiamond/.m2/repository/org/springframework/boot/spring-boot-autoconfigure/1.4.3.RELEASE/spring-boot-autoconfigure-1.4.3.RELEASE.jar:/Users/jonathandiamond/.m2/repository/org/springframework/boot/spring-boot-starter-logging/1.4.3.RELEASE/spring-boot-starter-logging-1.4.3.RELEASE.jar:/Users/jonathandiamond/.m2/repository/ch/qos/logback/logback-classic/1.1.8/logback-classic-1.1.8.jar:/Users/jonathandiamond/.m2/repository/ch/qos/logback/logback-core/1.1.8/logback-core-1.1.8.jar:/Users/jonathandiamond/.m2/repository/org/slf4j/jcl-over-slf4j/1.7.22/jcl-over-slf4j-1.7.22.jar:/Users/jonathandiamond/.m2/repository/org/slf4j/jul-to-slf4j/1.7.22/jul-to-slf4j-1.7.22.jar:/Users/jonathandiamond/.m2/repository/org/slf4j/log4j-over-slf4j/1.7.22/log4j-over-slf4j-1.7.22.jar:/Users/jonathandiamond/.m2/repository/org/yaml/snakeyaml/1.17/snakeyaml-1.17.jar:/Users/jonathandiamond/.m2/repository/org/springframework/boot/spring-boot-starter-tomcat/1.4.3.RELEASE/spring-boot-starter-tomcat-1.4.3.RELEASE.jar:/Users/jonathandiamond/.m2/repository/org/apache/tomcat/embed/tomcat-embed-core/8.5.6/tomcat-embed-core-8.5.6.jar:/Users/jonathandiamond/.m2/repository/org/apache/tomcat/embed/tomcat-embed-el/8.5.6/tomcat-embed-el-8.5.6.jar:/Users/jonathandiamond/.m2/repository/org/apache/tomcat/embed/tomcat-embed-websocket/8.5.6/tomcat-embed-websocket-8.5.6.jar:/Users/jonathandiamond/.m2/repository/org/hibernate/hibernate-validator/5.2.4.Final/hibernate-validator-5.2.4.Final.jar:/Users/jonathandiamond/.m2/repository/javax/validation/validation-api/1.1.0.Final/validation-api-1.1.0.Final.jar:/Users/jonathandiamond/.m2/repository/org/jboss/logging/jboss-logging/3.3.0.Final/jboss-logging-3.3.0.Final.jar:/Users/jonathandiamond/.m2/repository/com/fasterxml/classmate/1.3.3/classmate-1.3.3.jar:/Users/jonathandiamond/.m2/repository/com/fasterxml/jackson/core/jackson-databind/2.8.5/jackson-databind-2.8.5.jar:/Users/jonathandiamond/.m2/repository/com/fasterxml/jackson/core/jackson-annotations/2.8.5/jackson-annotations-2.8.5.jar:/Users/jonathandiamond/.m2/repository/com/fasterxml/jackson/core/jackson-core/2.8.5/jackson-core-2.8.5.jar:/Users/jonathandiamond/.m2/repository/org/springframework/spring-web/4.3.5.RELEASE/spring-web-4.3.5.RELEASE.jar:/Users/jonathandiamond/.m2/repository/org/springframework/spring-aop/4.3.5.RELEASE/spring-aop-4.3.5.RELEASE.jar:/Users/jonathandiamond/.m2/repository/org/springframework/spring-beans/4.3.5.RELEASE/spring-beans-4.3.5.RELEASE.jar:/Users/jonathandiamond/.m2/repository/org/springframework/spring-context/4.3.5.RELEASE/spring-context-4.3.5.RELEASE.jar:/Users/jonathandiamond/.m2/repository/org/springframework/spring-webmvc/4.3.5.RELEASE/spring-webmvc-4.3.5.RELEASE.jar:/Users/jonathandiamond/.m2/repository/org/springframework/spring-expression/4.3.5.RELEASE/spring-expression-4.3.5.RELEASE.jar:/Users/jonathandiamond/.m2/repository/org/springframework/boot/spring-boot-starter-test/1.4.3.RELEASE/spring-boot-starter-test-1.4.3.RELEASE.jar:/Users/jonathandiamond/.m2/repository/org/springframework/boot/spring-boot-test/1.4.3.RELEASE/spring-boot-test-1.4.3.RELEASE.jar:/Users/jonathandiamond/.m2/repository/org/springframework/boot/spring-boot-test-autoconfigure/1.4.3.RELEASE/spring-boot-test-autoconfigure-1.4.3.RELEASE.jar:/Users/jonathandiamond/.m2/repository/com/jayway/jsonpath/json-path/2.2.0/json-path-2.2.0.jar:/Users/jonathandiamond/.m2/repository/net/minidev/json-smart/2.2.1/json-smart-2.2.1.jar:/Users/jonathandiamond/.m2/repository/net/minidev/accessors-smart/1.1/accessors-smart-1.1.jar:/Users/jonathandiamond/.m2/repository/org/ow2/asm/asm/5.0.3/asm-5.0.3.jar:/Users/jonathandiamond/.m2/repository/org/slf4j/slf4j-api/1.7.22/slf4j-api-1.7.22.jar:/Users/jonathandiamond/.m2/repository/org/assertj/assertj-core/2.5.0/assertj-core-2.5.0.jar:/Users/jonathandiamond/.m2/repository/org/mockito/mockito-core/1.10.19/mockito-core-1.10.19.jar:/Users/jonathandiamond/.m2/repository/org/objenesis/objenesis/2.1/objenesis-2.1.jar:/Users/jonathandiamond/.m2/repository/org/hamcrest/hamcrest-core/1.3/hamcrest-core-1.3.jar:/Users/jonathandiamond/.m2/repository/org/hamcrest/hamcrest-library/1.3/hamcrest-library-1.3.jar:/Users/jonathandiamond/.m2/repository/org/skyscreamer/jsonassert/1.3.0/jsonassert-1.3.0.jar:/Users/jonathandiamond/.m2/repository/org/json/json/20140107/json-20140107.jar:/Users/jonathandiamond/.m2/repository/org/springframework/spring-core/4.3.5.RELEASE/spring-core-4.3.5.RELEASE.jar:/Users/jonathandiamond/.m2/repository/org/springframework/spring-test/4.3.5.RELEASE/spring-test-4.3.5.RELEASE.jar:/Users/jonathandiamond/.m2/repository/junit/junit/4.12/junit-4.12.jar:/Users/jonathandiamond/.m2/repository/org/apache/httpcomponents/httpclient/4.5.4/httpclient-4.5.4.jar:/Users/jonathandiamond/.m2/repository/commons-codec/commons-codec/1.10/commons-codec-1.10.jar:/Users/jonathandiamond/.m2/repository/org/apache/httpcomponents/httpcore/4.4.9/httpcore-4.4.9.jar:"/>
    <property name="java.vm.vendor" value="Oracle Corporation"/>
    <property name="sun.arch.data.model" value="64"/>
    <property name="java.vendor.url" value="http://java.oracle.com/"/>
    <property name="user.timezone" value=""/>
    <property name="java.vm.specification.version" value="1.8"/>
    <property name="os.name" value="Mac OS X"/>
    <property name="user.country" value="GB"/>
    <property name="sun.java.launcher" value="SUN_STANDARD"/>
    <property name="sun.boot.library.path" value="/Library/Java/JavaVirtualMachines/jdk1.8.0_131.jdk/Contents/Home/jre/lib"/>
    <property name="sun.java.command" value="/Users/jonathandiamond/Dropbox/Workspace/schindler/semp-library/target/surefire/surefirebooter9117538551077060142.jar /Users/jonathandiamond/Dropbox/Workspace/schindler/semp-library/target/surefire 2019-05-30T15-25-52_987-jvmRun1 surefire152035386167699158tmp surefire_04078767118497830198tmp"/>
    <property name="http.nonProxyHosts" value="local|*.local|169.254/16|*.169.254/16"/>
    <property name="surefire.test.class.path" value="/Users/jonathandiamond/Dropbox/Workspace/schindler/semp-library/target/test-classes:/Users/jonathandiamond/Dropbox/Workspace/schindler/semp-library/target/classes:/Users/jonathandiamond/.m2/repository/org/springframework/boot/spring-boot-starter-web/1.4.3.RELEASE/spring-boot-starter-web-1.4.3.RELEASE.jar:/Users/jonathandiamond/.m2/repository/org/springframework/boot/spring-boot-starter/1.4.3.RELEASE/spring-boot-starter-1.4.3.RELEASE.jar:/Users/jonathandiamond/.m2/repository/org/springframework/boot/spring-boot/1.4.3.RELEASE/spring-boot-1.4.3.RELEASE.jar:/Users/jonathandiamond/.m2/repository/org/springframework/boot/spring-boot-autoconfigure/1.4.3.RELEASE/spring-boot-autoconfigure-1.4.3.RELEASE.jar:/Users/jonathandiamond/.m2/repository/org/springframework/boot/spring-boot-starter-logging/1.4.3.RELEASE/spring-boot-starter-logging-1.4.3.RELEASE.jar:/Users/jonathandiamond/.m2/repository/ch/qos/logback/logback-classic/1.1.8/logback-classic-1.1.8.jar:/Users/jonathandiamond/.m2/repository/ch/qos/logback/logback-core/1.1.8/logback-core-1.1.8.jar:/Users/jonathandiamond/.m2/repository/org/slf4j/jcl-over-slf4j/1.7.22/jcl-over-slf4j-1.7.22.jar:/Users/jonathandiamond/.m2/repository/org/slf4j/jul-to-slf4j/1.7.22/jul-to-slf4j-1.7.22.jar:/Users/jonathandiamond/.m2/repository/org/slf4j/log4j-over-slf4j/1.7.22/log4j-over-slf4j-1.7.22.jar:/Users/jonathandiamond/.m2/repository/org/yaml/snakeyaml/1.17/snakeyaml-1.17.jar:/Users/jonathandiamond/.m2/repository/org/springframework/boot/spring-boot-starter-tomcat/1.4.3.RELEASE/spring-boot-starter-tomcat-1.4.3.RELEASE.jar:/Users/jonathandiamond/.m2/repository/org/apache/tomcat/embed/tomcat-embed-core/8.5.6/tomcat-embed-core-8.5.6.jar:/Users/jonathandiamond/.m2/repository/org/apache/tomcat/embed/tomcat-embed-el/8.5.6/tomcat-embed-el-8.5.6.jar:/Users/jonathandiamond/.m2/repository/org/apache/tomcat/embed/tomcat-embed-websocket/8.5.6/tomcat-embed-websocket-8.5.6.jar:/Users/jonathandiamond/.m2/repository/org/hibernate/hibernate-validator/5.2.4.Final/hibernate-validator-5.2.4.Final.jar:/Users/jonathandiamond/.m2/repository/javax/validation/validation-api/1.1.0.Final/validation-api-1.1.0.Final.jar:/Users/jonathandiamond/.m2/repository/org/jboss/logging/jboss-logging/3.3.0.Final/jboss-logging-3.3.0.Final.jar:/Users/jonathandiamond/.m2/repository/com/fasterxml/classmate/1.3.3/classmate-1.3.3.jar:/Users/jonathandiamond/.m2/repository/com/fasterxml/jackson/core/jackson-databind/2.8.5/jackson-databind-2.8.5.jar:/Users/jonathandiamond/.m2/repository/com/fasterxml/jackson/core/jackson-annotations/2.8.5/jackson-annotations-2.8.5.jar:/Users/jonathandiamond/.m2/repository/com/fasterxml/jackson/core/jackson-core/2.8.5/jackson-core-2.8.5.jar:/Users/jonathandiamond/.m2/repository/org/springframework/spring-web/4.3.5.RELEASE/spring-web-4.3.5.RELEASE.jar:/Users/jonathandiamond/.m2/repository/org/springframework/spring-aop/4.3.5.RELEASE/spring-aop-4.3.5.RELEASE.jar:/Users/jonathandiamond/.m2/repository/org/springframework/spring-beans/4.3.5.RELEASE/spring-beans-4.3.5.RELEASE.jar:/Users/jonathandiamond/.m2/repository/org/springframework/spring-context/4.3.5.RELEASE/spring-context-4.3.5.RELEASE.jar:/Users/jonathandiamond/.m2/repository/org/springframework/spring-webmvc/4.3.5.RELEASE/spring-webmvc-4.3.5.RELEASE.jar:/Users/jonathandiamond/.m2/repository/org/springframework/spring-expression/4.3.5.RELEASE/spring-expression-4.3.5.RELEASE.jar:/Users/jonathandiamond/.m2/repository/org/springframework/boot/spring-boot-starter-test/1.4.3.RELEASE/spring-boot-starter-test-1.4.3.RELEASE.jar:/Users/jonathandiamond/.m2/repository/org/springframework/boot/spring-boot-test/1.4.3.RELEASE/spring-boot-test-1.4.3.RELEASE.jar:/Users/jonathandiamond/.m2/repository/org/springframework/boot/spring-boot-test-autoconfigure/1.4.3.RELEASE/spring-boot-test-autoconfigure-1.4.3.RELEASE.jar:/Users/jonathandiamond/.m2/repository/com/jayway/jsonpath/json-path/2.2.0/json-path-2.2.0.jar:/Users/jonathandiamond/.m2/repository/net/minidev/json-smart/2.2.1/json-smart-2.2.1.jar:/Users/jonathandiamond/.m2/repository/net/minidev/accessors-smart/1.1/accessors-smart-1.1.jar:/Users/jonathandiamond/.m2/repository/org/ow2/asm/asm/5.0.3/asm-5.0.3.jar:/Users/jonathandiamond/.m2/repository/org/slf4j/slf4j-api/1.7.22/slf4j-api-1.7.22.jar:/Users/jonathandiamond/.m2/repository/org/assertj/assertj-core/2.5.0/assertj-core-2.5.0.jar:/Users/jonathandiamond/.m2/repository/org/mockito/mockito-core/1.10.19/mockito-core-1.10.19.jar:/Users/jonathandiamond/.m2/repository/org/objenesis/objenesis/2.1/objenesis-2.1.jar:/Users/jonathandiamond/.m2/repository/org/hamcrest/hamcrest-core/1.3/hamcrest-core-1.3.jar:/Users/jonathandiamond/.m2/repository/org/hamcrest/hamcrest-library/1.3/hamcrest-library-1.3.jar:/Users/jonathandiamond/.m2/repository/org/skyscreamer/jsonassert/1.3.0/jsonassert-1.3.0.jar:/Users/jonathandiamond/.m2/repository/org/json/json/20140107/json-20140107.jar:/Users/jonathandiamond/.m2/repository/org/springframework/spring-core/4.3.5.RELEASE/spring-core-4.3.5.RELEASE.jar:/Users/jonathandiamond/.m2/repository/org/springframework/spring-test/4.3.5.RELEASE/spring-test-4.3.5.RELEASE.jar:/Users/jonathandiamond/.m2/repository/junit/junit/4.12/junit-4.12.jar:/Users/jonathandiamond/.m2/repository/org/apache/httpcomponents/httpclient/4.5.4/httpclient-4.5.4.jar:/Users/jonathandiamond/.m2/repository/commons-codec/commons-codec/1.10/commons-codec-1.10.jar:/Users/jonathandiamond/.m2/repository/org/apache/httpcomponents/httpcore/4.4.9/httpcore-4.4.9.jar:"/>
    <property name="sun.cpu.endian" value="little"/>
    <property name="user.home" value="/Users/jonathandiamond"/>
    <property name="user.language" value="en"/>
    <property name="java.specification.vendor" value="Oracle Corporation"/>
    <property name="java.home" value="/Library/Java/JavaVirtualMachines/jdk1.8.0_131.jdk/Contents/Home/jre"/>
    <property name="basedir" value="/Users/jonathandiamond/Dropbox/Workspace/schindler/semp-library"/>
    <property name="file.separator" value="/"/>
    <property name="line.separator" value="&#10;"/>
    <property name="java.vm.specification.vendor" value="Oracle Corporation"/>
    <property name="java.specification.name" value="Java Platform API Specification"/>
    <property name="java.awt.graphicsenv" value="sun.awt.CGraphicsEnvironment"/>
    <property name="surefire.real.class.path" value="/Users/jonathandiamond/Dropbox/Workspace/schindler/semp-library/target/surefire/surefirebooter9117538551077060142.jar"/>
    <property name="sun.boot.class.path" value="/Library/Java/JavaVirtualMachines/jdk1.8.0_131.jdk/Contents/Home/jre/lib/resources.jar:/Library/Java/JavaVirtualMachines/jdk1.8.0_131.jdk/Contents/Home/jre/lib/rt.jar:/Library/Java/JavaVirtualMachines/jdk1.8.0_131.jdk/Contents/Home/jre/lib/sunrsasign.jar:/Library/Java/JavaVirtualMachines/jdk1.8.0_131.jdk/Contents/Home/jre/lib/jsse.jar:/Library/Java/JavaVirtualMachines/jdk1.8.0_131.jdk/Contents/Home/jre/lib/jce.jar:/Library/Java/JavaVirtualMachines/jdk1.8.0_131.jdk/Contents/Home/jre/lib/charsets.jar:/Library/Java/JavaVirtualMachines/jdk1.8.0_131.jdk/Contents/Home/jre/lib/jfr.jar:/Library/Java/JavaVirtualMachines/jdk1.8.0_131.jdk/Contents/Home/jre/classes"/>
    <property name="sun.management.compiler" value="HotSpot 64-Bit Tiered Compilers"/>
    <property name="ftp.nonProxyHosts" value="local|*.local|169.254/16|*.169.254/16"/>
    <property name="java.runtime.version" value="1.8.0_131-b11"/>
    <property name="user.name" value="jonathandiamond"/>
    <property name="path.separator" value=":"/>
    <property name="os.version" value="10.14.5"/>
    <property name="java.endorsed.dirs" value="/Library/Java/JavaVirtualMachines/jdk1.8.0_131.jdk/Contents/Home/jre/lib/endorsed"/>
    <property name="java.runtime.name" value="Java(TM) SE Runtime Environment"/>
    <property name="file.encoding" value="UTF-8"/>
    <property name="java.vm.name" value="Java HotSpot(TM) 64-Bit Server VM"/>
    <property name="localRepository" value="/Users/jonathandiamond/.m2/repository"/>
    <property name="java.vendor.url.bug" value="http://bugreport.sun.com/bugreport/"/>
    <property name="java.io.tmpdir" value="/var/folders/tj/phy117tn099_g4b5f5dwmcvr0000gn/T/"/>
    <property name="java.version" value="1.8.0_131"/>
    <property name="user.dir" value="/Users/jonathandiamond/Dropbox/Workspace/schindler/semp-library"/>
    <property name="os.arch" value="x86_64"/>
    <property name="java.vm.specification.name" value="Java Virtual Machine Specification"/>
    <property name="java.awt.printerjob" value="sun.lwawt.macosx.CPrinterJob"/>
    <property name="sun.os.patch.level" value="unknown"/>
    <property name="java.library.path" value="/Users/jonathandiamond/Library/Java/Extensions:/Library/Java/Extensions:/Network/Library/Java/Extensions:/System/Library/Java/Extensions:/usr/lib/java:."/>
    <property name="java.vm.info" value="mixed mode"/>
    <property name="java.vendor" value="Oracle Corporation"/>
    <property name="java.vm.version" value="25.131-b11"/>
    <property name="java.ext.dirs" value="/Users/jonathandiamond/Library/Java/Extensions:/Library/Java/JavaVirtualMachines/jdk1.8.0_131.jdk/Contents/Home/jre/lib/ext:/Library/Java/Extensions:/Network/Library/Java/Extensions:/System/Library/Java/Extensions:/usr/lib/java"/>
    <property name="sun.io.unicode.encoding" value="UnicodeBig"/>
    <property name="java.class.version" value="52.0"/>
    <property name="socksNonProxyHosts" value="local|*.local|169.254/16|*.169.254/16"/>
  </properties>
  <testcase name="canConfigureClientSubscriptions" classname="com.schindler.ioee.AppTest" time="3.085"/>
  <testcase name="shouldAnswerWithTrue" classname="com.schindler.ioee.AppTest" time="0.001"/>
  <testcase name="canExecuteShowSMRPSubscriptions" classname="com.schindler.ioee.AppTest" time="0.033"/>
  <testcase name="canOpenCloseSession" classname="com.schindler.ioee.AppTest" time="0.004"/>
</testsuite>